<?xml version="1.0" encoding="UTF-8"?>
<!-- Generated by org.testng.reporters.JUnitReportReporter -->
<testsuite hostname="Kirankumars-MacBook-Air.local" failures="0" tests="1" name="Test.Test1" time="24.983" errors="0" timestamp="2023-05-09T13:53:14 IST" skipped="0">
  <testcase classname="Test.Test1" name="flightbooking" time="24.983"/>
  <system-out/>
</testsuite> <!-- Test.Test1 -->
