<?xml version="1.0" encoding="UTF-8"?>
<!-- Generated by org.testng.reporters.JUnitReportReporter -->
<testsuite hostname="Kirankumars-MacBook-Air.local" failures="0" tests="2" name="JDBCdemo.TestNGDemo" time="0.004" errors="0" timestamp="2023-05-13T10:40:22 IST" skipped="0">
  <testcase classname="JDBCdemo.TestNGDemo" name="testCase1" time="0.002"/>
  <system-out/>
  <testcase classname="JDBCdemo.TestNGDemo" name="testCase2" time="0.002"/>
  <system-out/>
</testsuite> <!-- JDBCdemo.TestNGDemo -->
