<?xml version="1.0" encoding="UTF-8"?>
<!-- Generated by org.testng.reporters.JUnitReportReporter -->
<testsuite hostname="Kirankumars-MacBook-Air.local" failures="0" tests="1" name="com.actitime.Tests.errormessagestest" time="19.940" errors="0" timestamp="2023-05-13T14:43:36 IST" skipped="0">
  <testcase classname="com.actitime.Tests.errormessagestest" name="testerrormessages" time="19.940"/>
  <system-out/>
</testsuite> <!-- com.actitime.Tests.errormessagestest -->
