<?xml version="1.0" encoding="UTF-8"?>
<!-- Generated by org.testng.reporters.JUnitReportReporter -->
<testsuite hostname="Kirankumars-MacBook-Air.local" failures="0" tests="2" name="Testpackagedemo.TestAnnotationclass" time="0.012" errors="0" timestamp="2023-04-22T17:43:15 IST" skipped="0">
  <testcase classname="Testpackagedemo.TestAnnotationclass" name="testCase2" time="0.002"/>
  <system-out/>
  <testcase classname="Testpackagedemo.TestAnnotationclass" name="testCase1" time="0.010"/>
  <system-out/>
</testsuite> <!-- Testpackagedemo.TestAnnotationclass -->
